<?xml version="1.0" encoding="UTF-8"?>
<testsuite xmlns:xsi="http://www.w3.org/2001/XMLSchema-instance" xsi:noNamespaceSchemaLocation="https://maven.apache.org/surefire/maven-surefire-plugin/xsd/surefire-test-report.xsd" name="com.terryxi.datacenter.DatacenterApplicationTests" time="3.722" tests="1" errors="0" skipped="0" failures="0">
  <properties>
    <property name="sun.desktop" value="windows"/>
    <property name="awt.toolkit" value="sun.awt.windows.WToolkit"/>
    <property name="file.encoding.pkg" value="sun.io"/>
    <property name="java.specification.version" value="1.8"/>
    <property name="sun.cpu.isalist" value="amd64"/>
    <property name="sun.jnu.encoding" value="GBK"/>
    <property name="java.class.path" value="D:\ziguangcode\chushi\datacenter\target\test-classes;D:\ziguangcode\chushi\datacenter\target\classes;D:\maven\apache-maven-3.6.3\repository\org\springframework\boot\spring-boot-starter-web\2.4.4\spring-boot-starter-web-2.4.4.jar;D:\maven\apache-maven-3.6.3\repository\org\springframework\boot\spring-boot-starter\2.4.4\spring-boot-starter-2.4.4.jar;D:\maven\apache-maven-3.6.3\repository\org\springframework\boot\spring-boot-starter-logging\2.4.4\spring-boot-starter-logging-2.4.4.jar;D:\maven\apache-maven-3.6.3\repository\ch\qos\logback\logback-classic\1.2.3\logback-classic-1.2.3.jar;D:\maven\apache-maven-3.6.3\repository\ch\qos\logback\logback-core\1.2.3\logback-core-1.2.3.jar;D:\maven\apache-maven-3.6.3\repository\org\apache\logging\log4j\log4j-to-slf4j\2.13.3\log4j-to-slf4j-2.13.3.jar;D:\maven\apache-maven-3.6.3\repository\org\apache\logging\log4j\log4j-api\2.13.3\log4j-api-2.13.3.jar;D:\maven\apache-maven-3.6.3\repository\org\slf4j\jul-to-slf4j\1.7.30\jul-to-slf4j-1.7.30.jar;D:\maven\apache-maven-3.6.3\repository\jakarta\annotation\jakarta.annotation-api\1.3.5\jakarta.annotation-api-1.3.5.jar;D:\maven\apache-maven-3.6.3\repository\org\yaml\snakeyaml\1.27\snakeyaml-1.27.jar;D:\maven\apache-maven-3.6.3\repository\org\springframework\boot\spring-boot-starter-json\2.4.4\spring-boot-starter-json-2.4.4.jar;D:\maven\apache-maven-3.6.3\repository\com\fasterxml\jackson\core\jackson-databind\2.11.4\jackson-databind-2.11.4.jar;D:\maven\apache-maven-3.6.3\repository\com\fasterxml\jackson\core\jackson-annotations\2.11.4\jackson-annotations-2.11.4.jar;D:\maven\apache-maven-3.6.3\repository\com\fasterxml\jackson\core\jackson-core\2.11.4\jackson-core-2.11.4.jar;D:\maven\apache-maven-3.6.3\repository\com\fasterxml\jackson\datatype\jackson-datatype-jdk8\2.11.4\jackson-datatype-jdk8-2.11.4.jar;D:\maven\apache-maven-3.6.3\repository\com\fasterxml\jackson\datatype\jackson-datatype-jsr310\2.11.4\jackson-datatype-jsr310-2.11.4.jar;D:\maven\apache-maven-3.6.3\repository\com\fasterxml\jackson\module\jackson-module-parameter-names\2.11.4\jackson-module-parameter-names-2.11.4.jar;D:\maven\apache-maven-3.6.3\repository\org\springframework\boot\spring-boot-starter-tomcat\2.4.4\spring-boot-starter-tomcat-2.4.4.jar;D:\maven\apache-maven-3.6.3\repository\org\apache\tomcat\embed\tomcat-embed-core\9.0.44\tomcat-embed-core-9.0.44.jar;D:\maven\apache-maven-3.6.3\repository\org\glassfish\jakarta.el\3.0.3\jakarta.el-3.0.3.jar;D:\maven\apache-maven-3.6.3\repository\org\apache\tomcat\embed\tomcat-embed-websocket\9.0.44\tomcat-embed-websocket-9.0.44.jar;D:\maven\apache-maven-3.6.3\repository\org\springframework\spring-web\5.3.5\spring-web-5.3.5.jar;D:\maven\apache-maven-3.6.3\repository\org\springframework\spring-beans\5.3.5\spring-beans-5.3.5.jar;D:\maven\apache-maven-3.6.3\repository\org\springframework\spring-webmvc\5.3.5\spring-webmvc-5.3.5.jar;D:\maven\apache-maven-3.6.3\repository\org\springframework\spring-aop\5.3.5\spring-aop-5.3.5.jar;D:\maven\apache-maven-3.6.3\repository\org\springframework\spring-context\5.3.5\spring-context-5.3.5.jar;D:\maven\apache-maven-3.6.3\repository\org\springframework\spring-expression\5.3.5\spring-expression-5.3.5.jar;D:\maven\apache-maven-3.6.3\repository\com\microsoft\sqlserver\mssql-jdbc\8.4.1.jre8\mssql-jdbc-8.4.1.jre8.jar;D:\maven\apache-maven-3.6.3\repository\mysql\mysql-connector-java\8.0.23\mysql-connector-java-8.0.23.jar;D:\maven\apache-maven-3.6.3\repository\com\alibaba\druid-spring-boot-starter\1.2.5\druid-spring-boot-starter-1.2.5.jar;D:\maven\apache-maven-3.6.3\repository\com\alibaba\druid\1.2.5\druid-1.2.5.jar;D:\maven\apache-maven-3.6.3\repository\org\slf4j\slf4j-api\1.7.30\slf4j-api-1.7.30.jar;D:\maven\apache-maven-3.6.3\repository\org\springframework\boot\spring-boot-autoconfigure\2.4.4\spring-boot-autoconfigure-2.4.4.jar;D:\maven\apache-maven-3.6.3\repository\com\baomidou\mybatis-plus-boot-starter\3.4.2\mybatis-plus-boot-starter-3.4.2.jar;D:\maven\apache-maven-3.6.3\repository\com\baomidou\mybatis-plus\3.4.2\mybatis-plus-3.4.2.jar;D:\maven\apache-maven-3.6.3\repository\com\baomidou\mybatis-plus-extension\3.4.2\mybatis-plus-extension-3.4.2.jar;D:\maven\apache-maven-3.6.3\repository\com\baomidou\mybatis-plus-core\3.4.2\mybatis-plus-core-3.4.2.jar;D:\maven\apache-maven-3.6.3\repository\com\baomidou\mybatis-plus-annotation\3.4.2\mybatis-plus-annotation-3.4.2.jar;D:\maven\apache-maven-3.6.3\repository\com\github\jsqlparser\jsqlparser\4.0\jsqlparser-4.0.jar;D:\maven\apache-maven-3.6.3\repository\org\mybatis\mybatis\3.5.6\mybatis-3.5.6.jar;D:\maven\apache-maven-3.6.3\repository\org\mybatis\mybatis-spring\2.0.5\mybatis-spring-2.0.5.jar;D:\maven\apache-maven-3.6.3\repository\org\springframework\boot\spring-boot-starter-jdbc\2.4.4\spring-boot-starter-jdbc-2.4.4.jar;D:\maven\apache-maven-3.6.3\repository\com\zaxxer\HikariCP\3.4.5\HikariCP-3.4.5.jar;D:\maven\apache-maven-3.6.3\repository\org\springframework\spring-jdbc\5.3.5\spring-jdbc-5.3.5.jar;D:\maven\apache-maven-3.6.3\repository\org\springframework\spring-tx\5.3.5\spring-tx-5.3.5.jar;D:\maven\apache-maven-3.6.3\repository\com\baomidou\dynamic-datasource-spring-boot-starter\3.3.2\dynamic-datasource-spring-boot-starter-3.3.2.jar;D:\maven\apache-maven-3.6.3\repository\org\springframework\boot\spring-boot-starter-aop\2.4.4\spring-boot-starter-aop-2.4.4.jar;D:\maven\apache-maven-3.6.3\repository\org\aspectj\aspectjweaver\1.9.6\aspectjweaver-1.9.6.jar;D:\maven\apache-maven-3.6.3\repository\org\apache\shiro\shiro-spring-boot-web-starter\1.7.1\shiro-spring-boot-web-starter-1.7.1.jar;D:\maven\apache-maven-3.6.3\repository\org\apache\shiro\shiro-spring-boot-starter\1.7.1\shiro-spring-boot-starter-1.7.1.jar;D:\maven\apache-maven-3.6.3\repository\org\apache\shiro\shiro-spring\1.7.1\shiro-spring-1.7.1.jar;D:\maven\apache-maven-3.6.3\repository\org\apache\shiro\shiro-core\1.7.1\shiro-core-1.7.1.jar;D:\maven\apache-maven-3.6.3\repository\org\apache\shiro\shiro-lang\1.7.1\shiro-lang-1.7.1.jar;D:\maven\apache-maven-3.6.3\repository\org\apache\shiro\shiro-cache\1.7.1\shiro-cache-1.7.1.jar;D:\maven\apache-maven-3.6.3\repository\org\apache\shiro\shiro-crypto-hash\1.7.1\shiro-crypto-hash-1.7.1.jar;D:\maven\apache-maven-3.6.3\repository\org\apache\shiro\shiro-crypto-core\1.7.1\shiro-crypto-core-1.7.1.jar;D:\maven\apache-maven-3.6.3\repository\org\apache\shiro\shiro-crypto-cipher\1.7.1\shiro-crypto-cipher-1.7.1.jar;D:\maven\apache-maven-3.6.3\repository\org\apache\shiro\shiro-config-core\1.7.1\shiro-config-core-1.7.1.jar;D:\maven\apache-maven-3.6.3\repository\org\apache\shiro\shiro-config-ogdl\1.7.1\shiro-config-ogdl-1.7.1.jar;D:\maven\apache-maven-3.6.3\repository\commons-beanutils\commons-beanutils\1.9.4\commons-beanutils-1.9.4.jar;D:\maven\apache-maven-3.6.3\repository\commons-collections\commons-collections\3.2.2\commons-collections-3.2.2.jar;D:\maven\apache-maven-3.6.3\repository\org\apache\shiro\shiro-event\1.7.1\shiro-event-1.7.1.jar;D:\maven\apache-maven-3.6.3\repository\org\apache\shiro\shiro-web\1.7.1\shiro-web-1.7.1.jar;D:\maven\apache-maven-3.6.3\repository\org\owasp\encoder\encoder\1.2.2\encoder-1.2.2.jar;D:\maven\apache-maven-3.6.3\repository\cn\hutool\hutool-all\5.6.2\hutool-all-5.6.2.jar;D:\maven\apache-maven-3.6.3\repository\org\springframework\boot\spring-boot-devtools\2.4.4\spring-boot-devtools-2.4.4.jar;D:\maven\apache-maven-3.6.3\repository\org\springframework\boot\spring-boot\2.4.4\spring-boot-2.4.4.jar;D:\maven\apache-maven-3.6.3\repository\org\springframework\boot\spring-boot-configuration-processor\2.4.4\spring-boot-configuration-processor-2.4.4.jar;D:\maven\apache-maven-3.6.3\repository\org\springframework\boot\spring-boot-starter-test\2.4.4\spring-boot-starter-test-2.4.4.jar;D:\maven\apache-maven-3.6.3\repository\org\springframework\boot\spring-boot-test\2.4.4\spring-boot-test-2.4.4.jar;D:\maven\apache-maven-3.6.3\repository\org\springframework\boot\spring-boot-test-autoconfigure\2.4.4\spring-boot-test-autoconfigure-2.4.4.jar;D:\maven\apache-maven-3.6.3\repository\com\jayway\jsonpath\json-path\2.4.0\json-path-2.4.0.jar;D:\maven\apache-maven-3.6.3\repository\net\minidev\json-smart\2.3\json-smart-2.3.jar;D:\maven\apache-maven-3.6.3\repository\net\minidev\accessors-smart\1.2\accessors-smart-1.2.jar;D:\maven\apache-maven-3.6.3\repository\org\ow2\asm\asm\5.0.4\asm-5.0.4.jar;D:\maven\apache-maven-3.6.3\repository\jakarta\xml\bind\jakarta.xml.bind-api\2.3.3\jakarta.xml.bind-api-2.3.3.jar;D:\maven\apache-maven-3.6.3\repository\jakarta\activation\jakarta.activation-api\1.2.2\jakarta.activation-api-1.2.2.jar;D:\maven\apache-maven-3.6.3\repository\org\assertj\assertj-core\3.18.1\assertj-core-3.18.1.jar;D:\maven\apache-maven-3.6.3\repository\org\hamcrest\hamcrest\2.2\hamcrest-2.2.jar;D:\maven\apache-maven-3.6.3\repository\org\junit\jupiter\junit-jupiter\5.7.1\junit-jupiter-5.7.1.jar;D:\maven\apache-maven-3.6.3\repository\org\junit\jupiter\junit-jupiter-api\5.7.1\junit-jupiter-api-5.7.1.jar;D:\maven\apache-maven-3.6.3\repository\org\apiguardian\apiguardian-api\1.1.0\apiguardian-api-1.1.0.jar;D:\maven\apache-maven-3.6.3\repository\org\opentest4j\opentest4j\1.2.0\opentest4j-1.2.0.jar;D:\maven\apache-maven-3.6.3\repository\org\junit\platform\junit-platform-commons\1.7.1\junit-platform-commons-1.7.1.jar;D:\maven\apache-maven-3.6.3\repository\org\junit\jupiter\junit-jupiter-params\5.7.1\junit-jupiter-params-5.7.1.jar;D:\maven\apache-maven-3.6.3\repository\org\junit\jupiter\junit-jupiter-engine\5.7.1\junit-jupiter-engine-5.7.1.jar;D:\maven\apache-maven-3.6.3\repository\org\junit\platform\junit-platform-engine\1.7.1\junit-platform-engine-1.7.1.jar;D:\maven\apache-maven-3.6.3\repository\org\mockito\mockito-core\3.6.28\mockito-core-3.6.28.jar;D:\maven\apache-maven-3.6.3\repository\net\bytebuddy\byte-buddy\1.10.22\byte-buddy-1.10.22.jar;D:\maven\apache-maven-3.6.3\repository\net\bytebuddy\byte-buddy-agent\1.10.22\byte-buddy-agent-1.10.22.jar;D:\maven\apache-maven-3.6.3\repository\org\objenesis\objenesis\3.1\objenesis-3.1.jar;D:\maven\apache-maven-3.6.3\repository\org\mockito\mockito-junit-jupiter\3.6.28\mockito-junit-jupiter-3.6.28.jar;D:\maven\apache-maven-3.6.3\repository\org\skyscreamer\jsonassert\1.5.0\jsonassert-1.5.0.jar;D:\maven\apache-maven-3.6.3\repository\com\vaadin\external\google\android-json\0.0.20131108.vaadin1\android-json-0.0.20131108.vaadin1.jar;D:\maven\apache-maven-3.6.3\repository\org\springframework\spring-core\5.3.5\spring-core-5.3.5.jar;D:\maven\apache-maven-3.6.3\repository\org\springframework\spring-jcl\5.3.5\spring-jcl-5.3.5.jar;D:\maven\apache-maven-3.6.3\repository\org\springframework\spring-test\5.3.5\spring-test-5.3.5.jar;D:\maven\apache-maven-3.6.3\repository\org\xmlunit\xmlunit-core\2.7.0\xmlunit-core-2.7.0.jar;D:\maven\apache-maven-3.6.3\repository\junit\junit\4.13.2\junit-4.13.2.jar;D:\maven\apache-maven-3.6.3\repository\org\hamcrest\hamcrest-core\2.2\hamcrest-core-2.2.jar;"/>
    <property name="java.vm.vendor" value="Oracle Corporation"/>
    <property name="sun.arch.data.model" value="64"/>
    <property name="user.variant" value=""/>
    <property name="java.vendor.url" value="http://java.oracle.com/"/>
    <property name="user.timezone" value="Asia/Shanghai"/>
    <property name="java.vm.specification.version" value="1.8"/>
    <property name="os.name" value="Windows 10"/>
    <property name="user.country" value="CN"/>
    <property name="sun.java.launcher" value="SUN_STANDARD"/>
    <property name="sun.boot.library.path" value="D:\javajdk\jdk1.8.0_201\jre\bin"/>
    <property name="sun.java.command" value="C:\Users\ZG\AppData\Local\Temp\surefire5692302171783018905\surefirebooter6278459930423662198.jar C:\Users\ZG\AppData\Local\Temp\surefire5692302171783018905 2021-04-07T10-55-06_904-jvmRun1 surefire5897117448676532906tmp surefire_08301572017265029260tmp"/>
    <property name="surefire.test.class.path" value="D:\ziguangcode\chushi\datacenter\target\test-classes;D:\ziguangcode\chushi\datacenter\target\classes;D:\maven\apache-maven-3.6.3\repository\org\springframework\boot\spring-boot-starter-web\2.4.4\spring-boot-starter-web-2.4.4.jar;D:\maven\apache-maven-3.6.3\repository\org\springframework\boot\spring-boot-starter\2.4.4\spring-boot-starter-2.4.4.jar;D:\maven\apache-maven-3.6.3\repository\org\springframework\boot\spring-boot-starter-logging\2.4.4\spring-boot-starter-logging-2.4.4.jar;D:\maven\apache-maven-3.6.3\repository\ch\qos\logback\logback-classic\1.2.3\logback-classic-1.2.3.jar;D:\maven\apache-maven-3.6.3\repository\ch\qos\logback\logback-core\1.2.3\logback-core-1.2.3.jar;D:\maven\apache-maven-3.6.3\repository\org\apache\logging\log4j\log4j-to-slf4j\2.13.3\log4j-to-slf4j-2.13.3.jar;D:\maven\apache-maven-3.6.3\repository\org\apache\logging\log4j\log4j-api\2.13.3\log4j-api-2.13.3.jar;D:\maven\apache-maven-3.6.3\repository\org\slf4j\jul-to-slf4j\1.7.30\jul-to-slf4j-1.7.30.jar;D:\maven\apache-maven-3.6.3\repository\jakarta\annotation\jakarta.annotation-api\1.3.5\jakarta.annotation-api-1.3.5.jar;D:\maven\apache-maven-3.6.3\repository\org\yaml\snakeyaml\1.27\snakeyaml-1.27.jar;D:\maven\apache-maven-3.6.3\repository\org\springframework\boot\spring-boot-starter-json\2.4.4\spring-boot-starter-json-2.4.4.jar;D:\maven\apache-maven-3.6.3\repository\com\fasterxml\jackson\core\jackson-databind\2.11.4\jackson-databind-2.11.4.jar;D:\maven\apache-maven-3.6.3\repository\com\fasterxml\jackson\core\jackson-annotations\2.11.4\jackson-annotations-2.11.4.jar;D:\maven\apache-maven-3.6.3\repository\com\fasterxml\jackson\core\jackson-core\2.11.4\jackson-core-2.11.4.jar;D:\maven\apache-maven-3.6.3\repository\com\fasterxml\jackson\datatype\jackson-datatype-jdk8\2.11.4\jackson-datatype-jdk8-2.11.4.jar;D:\maven\apache-maven-3.6.3\repository\com\fasterxml\jackson\datatype\jackson-datatype-jsr310\2.11.4\jackson-datatype-jsr310-2.11.4.jar;D:\maven\apache-maven-3.6.3\repository\com\fasterxml\jackson\module\jackson-module-parameter-names\2.11.4\jackson-module-parameter-names-2.11.4.jar;D:\maven\apache-maven-3.6.3\repository\org\springframework\boot\spring-boot-starter-tomcat\2.4.4\spring-boot-starter-tomcat-2.4.4.jar;D:\maven\apache-maven-3.6.3\repository\org\apache\tomcat\embed\tomcat-embed-core\9.0.44\tomcat-embed-core-9.0.44.jar;D:\maven\apache-maven-3.6.3\repository\org\glassfish\jakarta.el\3.0.3\jakarta.el-3.0.3.jar;D:\maven\apache-maven-3.6.3\repository\org\apache\tomcat\embed\tomcat-embed-websocket\9.0.44\tomcat-embed-websocket-9.0.44.jar;D:\maven\apache-maven-3.6.3\repository\org\springframework\spring-web\5.3.5\spring-web-5.3.5.jar;D:\maven\apache-maven-3.6.3\repository\org\springframework\spring-beans\5.3.5\spring-beans-5.3.5.jar;D:\maven\apache-maven-3.6.3\repository\org\springframework\spring-webmvc\5.3.5\spring-webmvc-5.3.5.jar;D:\maven\apache-maven-3.6.3\repository\org\springframework\spring-aop\5.3.5\spring-aop-5.3.5.jar;D:\maven\apache-maven-3.6.3\repository\org\springframework\spring-context\5.3.5\spring-context-5.3.5.jar;D:\maven\apache-maven-3.6.3\repository\org\springframework\spring-expression\5.3.5\spring-expression-5.3.5.jar;D:\maven\apache-maven-3.6.3\repository\com\microsoft\sqlserver\mssql-jdbc\8.4.1.jre8\mssql-jdbc-8.4.1.jre8.jar;D:\maven\apache-maven-3.6.3\repository\mysql\mysql-connector-java\8.0.23\mysql-connector-java-8.0.23.jar;D:\maven\apache-maven-3.6.3\repository\com\alibaba\druid-spring-boot-starter\1.2.5\druid-spring-boot-starter-1.2.5.jar;D:\maven\apache-maven-3.6.3\repository\com\alibaba\druid\1.2.5\druid-1.2.5.jar;D:\maven\apache-maven-3.6.3\repository\org\slf4j\slf4j-api\1.7.30\slf4j-api-1.7.30.jar;D:\maven\apache-maven-3.6.3\repository\org\springframework\boot\spring-boot-autoconfigure\2.4.4\spring-boot-autoconfigure-2.4.4.jar;D:\maven\apache-maven-3.6.3\repository\com\baomidou\mybatis-plus-boot-starter\3.4.2\mybatis-plus-boot-starter-3.4.2.jar;D:\maven\apache-maven-3.6.3\repository\com\baomidou\mybatis-plus\3.4.2\mybatis-plus-3.4.2.jar;D:\maven\apache-maven-3.6.3\repository\com\baomidou\mybatis-plus-extension\3.4.2\mybatis-plus-extension-3.4.2.jar;D:\maven\apache-maven-3.6.3\repository\com\baomidou\mybatis-plus-core\3.4.2\mybatis-plus-core-3.4.2.jar;D:\maven\apache-maven-3.6.3\repository\com\baomidou\mybatis-plus-annotation\3.4.2\mybatis-plus-annotation-3.4.2.jar;D:\maven\apache-maven-3.6.3\repository\com\github\jsqlparser\jsqlparser\4.0\jsqlparser-4.0.jar;D:\maven\apache-maven-3.6.3\repository\org\mybatis\mybatis\3.5.6\mybatis-3.5.6.jar;D:\maven\apache-maven-3.6.3\repository\org\mybatis\mybatis-spring\2.0.5\mybatis-spring-2.0.5.jar;D:\maven\apache-maven-3.6.3\repository\org\springframework\boot\spring-boot-starter-jdbc\2.4.4\spring-boot-starter-jdbc-2.4.4.jar;D:\maven\apache-maven-3.6.3\repository\com\zaxxer\HikariCP\3.4.5\HikariCP-3.4.5.jar;D:\maven\apache-maven-3.6.3\repository\org\springframework\spring-jdbc\5.3.5\spring-jdbc-5.3.5.jar;D:\maven\apache-maven-3.6.3\repository\org\springframework\spring-tx\5.3.5\spring-tx-5.3.5.jar;D:\maven\apache-maven-3.6.3\repository\com\baomidou\dynamic-datasource-spring-boot-starter\3.3.2\dynamic-datasource-spring-boot-starter-3.3.2.jar;D:\maven\apache-maven-3.6.3\repository\org\springframework\boot\spring-boot-starter-aop\2.4.4\spring-boot-starter-aop-2.4.4.jar;D:\maven\apache-maven-3.6.3\repository\org\aspectj\aspectjweaver\1.9.6\aspectjweaver-1.9.6.jar;D:\maven\apache-maven-3.6.3\repository\org\apache\shiro\shiro-spring-boot-web-starter\1.7.1\shiro-spring-boot-web-starter-1.7.1.jar;D:\maven\apache-maven-3.6.3\repository\org\apache\shiro\shiro-spring-boot-starter\1.7.1\shiro-spring-boot-starter-1.7.1.jar;D:\maven\apache-maven-3.6.3\repository\org\apache\shiro\shiro-spring\1.7.1\shiro-spring-1.7.1.jar;D:\maven\apache-maven-3.6.3\repository\org\apache\shiro\shiro-core\1.7.1\shiro-core-1.7.1.jar;D:\maven\apache-maven-3.6.3\repository\org\apache\shiro\shiro-lang\1.7.1\shiro-lang-1.7.1.jar;D:\maven\apache-maven-3.6.3\repository\org\apache\shiro\shiro-cache\1.7.1\shiro-cache-1.7.1.jar;D:\maven\apache-maven-3.6.3\repository\org\apache\shiro\shiro-crypto-hash\1.7.1\shiro-crypto-hash-1.7.1.jar;D:\maven\apache-maven-3.6.3\repository\org\apache\shiro\shiro-crypto-core\1.7.1\shiro-crypto-core-1.7.1.jar;D:\maven\apache-maven-3.6.3\repository\org\apache\shiro\shiro-crypto-cipher\1.7.1\shiro-crypto-cipher-1.7.1.jar;D:\maven\apache-maven-3.6.3\repository\org\apache\shiro\shiro-config-core\1.7.1\shiro-config-core-1.7.1.jar;D:\maven\apache-maven-3.6.3\repository\org\apache\shiro\shiro-config-ogdl\1.7.1\shiro-config-ogdl-1.7.1.jar;D:\maven\apache-maven-3.6.3\repository\commons-beanutils\commons-beanutils\1.9.4\commons-beanutils-1.9.4.jar;D:\maven\apache-maven-3.6.3\repository\commons-collections\commons-collections\3.2.2\commons-collections-3.2.2.jar;D:\maven\apache-maven-3.6.3\repository\org\apache\shiro\shiro-event\1.7.1\shiro-event-1.7.1.jar;D:\maven\apache-maven-3.6.3\repository\org\apache\shiro\shiro-web\1.7.1\shiro-web-1.7.1.jar;D:\maven\apache-maven-3.6.3\repository\org\owasp\encoder\encoder\1.2.2\encoder-1.2.2.jar;D:\maven\apache-maven-3.6.3\repository\cn\hutool\hutool-all\5.6.2\hutool-all-5.6.2.jar;D:\maven\apache-maven-3.6.3\repository\org\springframework\boot\spring-boot-devtools\2.4.4\spring-boot-devtools-2.4.4.jar;D:\maven\apache-maven-3.6.3\repository\org\springframework\boot\spring-boot\2.4.4\spring-boot-2.4.4.jar;D:\maven\apache-maven-3.6.3\repository\org\springframework\boot\spring-boot-configuration-processor\2.4.4\spring-boot-configuration-processor-2.4.4.jar;D:\maven\apache-maven-3.6.3\repository\org\springframework\boot\spring-boot-starter-test\2.4.4\spring-boot-starter-test-2.4.4.jar;D:\maven\apache-maven-3.6.3\repository\org\springframework\boot\spring-boot-test\2.4.4\spring-boot-test-2.4.4.jar;D:\maven\apache-maven-3.6.3\repository\org\springframework\boot\spring-boot-test-autoconfigure\2.4.4\spring-boot-test-autoconfigure-2.4.4.jar;D:\maven\apache-maven-3.6.3\repository\com\jayway\jsonpath\json-path\2.4.0\json-path-2.4.0.jar;D:\maven\apache-maven-3.6.3\repository\net\minidev\json-smart\2.3\json-smart-2.3.jar;D:\maven\apache-maven-3.6.3\repository\net\minidev\accessors-smart\1.2\accessors-smart-1.2.jar;D:\maven\apache-maven-3.6.3\repository\org\ow2\asm\asm\5.0.4\asm-5.0.4.jar;D:\maven\apache-maven-3.6.3\repository\jakarta\xml\bind\jakarta.xml.bind-api\2.3.3\jakarta.xml.bind-api-2.3.3.jar;D:\maven\apache-maven-3.6.3\repository\jakarta\activation\jakarta.activation-api\1.2.2\jakarta.activation-api-1.2.2.jar;D:\maven\apache-maven-3.6.3\repository\org\assertj\assertj-core\3.18.1\assertj-core-3.18.1.jar;D:\maven\apache-maven-3.6.3\repository\org\hamcrest\hamcrest\2.2\hamcrest-2.2.jar;D:\maven\apache-maven-3.6.3\repository\org\junit\jupiter\junit-jupiter\5.7.1\junit-jupiter-5.7.1.jar;D:\maven\apache-maven-3.6.3\repository\org\junit\jupiter\junit-jupiter-api\5.7.1\junit-jupiter-api-5.7.1.jar;D:\maven\apache-maven-3.6.3\repository\org\apiguardian\apiguardian-api\1.1.0\apiguardian-api-1.1.0.jar;D:\maven\apache-maven-3.6.3\repository\org\opentest4j\opentest4j\1.2.0\opentest4j-1.2.0.jar;D:\maven\apache-maven-3.6.3\repository\org\junit\platform\junit-platform-commons\1.7.1\junit-platform-commons-1.7.1.jar;D:\maven\apache-maven-3.6.3\repository\org\junit\jupiter\junit-jupiter-params\5.7.1\junit-jupiter-params-5.7.1.jar;D:\maven\apache-maven-3.6.3\repository\org\junit\jupiter\junit-jupiter-engine\5.7.1\junit-jupiter-engine-5.7.1.jar;D:\maven\apache-maven-3.6.3\repository\org\junit\platform\junit-platform-engine\1.7.1\junit-platform-engine-1.7.1.jar;D:\maven\apache-maven-3.6.3\repository\org\mockito\mockito-core\3.6.28\mockito-core-3.6.28.jar;D:\maven\apache-maven-3.6.3\repository\net\bytebuddy\byte-buddy\1.10.22\byte-buddy-1.10.22.jar;D:\maven\apache-maven-3.6.3\repository\net\bytebuddy\byte-buddy-agent\1.10.22\byte-buddy-agent-1.10.22.jar;D:\maven\apache-maven-3.6.3\repository\org\objenesis\objenesis\3.1\objenesis-3.1.jar;D:\maven\apache-maven-3.6.3\repository\org\mockito\mockito-junit-jupiter\3.6.28\mockito-junit-jupiter-3.6.28.jar;D:\maven\apache-maven-3.6.3\repository\org\skyscreamer\jsonassert\1.5.0\jsonassert-1.5.0.jar;D:\maven\apache-maven-3.6.3\repository\com\vaadin\external\google\android-json\0.0.20131108.vaadin1\android-json-0.0.20131108.vaadin1.jar;D:\maven\apache-maven-3.6.3\repository\org\springframework\spring-core\5.3.5\spring-core-5.3.5.jar;D:\maven\apache-maven-3.6.3\repository\org\springframework\spring-jcl\5.3.5\spring-jcl-5.3.5.jar;D:\maven\apache-maven-3.6.3\repository\org\springframework\spring-test\5.3.5\spring-test-5.3.5.jar;D:\maven\apache-maven-3.6.3\repository\org\xmlunit\xmlunit-core\2.7.0\xmlunit-core-2.7.0.jar;D:\maven\apache-maven-3.6.3\repository\junit\junit\4.13.2\junit-4.13.2.jar;D:\maven\apache-maven-3.6.3\repository\org\hamcrest\hamcrest-core\2.2\hamcrest-core-2.2.jar;"/>
    <property name="sun.cpu.endian" value="little"/>
    <property name="user.home" value="C:\Users\ZG"/>
    <property name="user.language" value="zh"/>
    <property name="java.specification.vendor" value="Oracle Corporation"/>
    <property name="java.home" value="D:\javajdk\jdk1.8.0_201\jre"/>
    <property name="basedir" value="D:\ziguangcode\chushi\datacenter"/>
    <property name="file.separator" value="\"/>
    <property name="line.separator" value="&#10;"/>
    <property name="java.vm.specification.vendor" value="Oracle Corporation"/>
    <property name="java.specification.name" value="Java Platform API Specification"/>
    <property name="java.awt.graphicsenv" value="sun.awt.Win32GraphicsEnvironment"/>
    <property name="surefire.real.class.path" value="C:\Users\ZG\AppData\Local\Temp\surefire5692302171783018905\surefirebooter6278459930423662198.jar"/>
    <property name="sun.boot.class.path" value="D:\javajdk\jdk1.8.0_201\jre\lib\resources.jar;D:\javajdk\jdk1.8.0_201\jre\lib\rt.jar;D:\javajdk\jdk1.8.0_201\jre\lib\sunrsasign.jar;D:\javajdk\jdk1.8.0_201\jre\lib\jsse.jar;D:\javajdk\jdk1.8.0_201\jre\lib\jce.jar;D:\javajdk\jdk1.8.0_201\jre\lib\charsets.jar;D:\javajdk\jdk1.8.0_201\jre\lib\jfr.jar;D:\javajdk\jdk1.8.0_201\jre\classes"/>
    <property name="user.script" value=""/>
    <property name="sun.management.compiler" value="HotSpot 64-Bit Tiered Compilers"/>
    <property name="java.runtime.version" value="1.8.0_201-b09"/>
    <property name="user.name" value="ZG"/>
    <property name="path.separator" value=";"/>
    <property name="os.version" value="10.0"/>
    <property name="java.endorsed.dirs" value="D:\javajdk\jdk1.8.0_201\jre\lib\endorsed"/>
    <property name="java.runtime.name" value="Java(TM) SE Runtime Environment"/>
    <property name="file.encoding" value="GBK"/>
    <property name="java.vm.name" value="Java HotSpot(TM) 64-Bit Server VM"/>
    <property name="localRepository" value="D:\maven\apache-maven-3.6.3\repository"/>
    <property name="java.vendor.url.bug" value="http://bugreport.sun.com/bugreport/"/>
    <property name="java.io.tmpdir" value="C:\Users\ZG\AppData\Local\Temp\"/>
    <property name="java.version" value="1.8.0_201"/>
    <property name="user.dir" value="D:\ziguangcode\chushi\datacenter"/>
    <property name="os.arch" value="amd64"/>
    <property name="java.vm.specification.name" value="Java Virtual Machine Specification"/>
    <property name="java.awt.printerjob" value="sun.awt.windows.WPrinterJob"/>
    <property name="sun.os.patch.level" value=""/>
    <property name="idea.version2019.3.5" value="true"/>
    <property name="java.library.path" value="D:\javajdk\jdk1.8.0_201\jre\bin;C:\Windows\Sun\Java\bin;C:\Windows\system32;C:\Windows;C:\Program Files (x86)\Common Files\Oracle\Java\javapath;C:\Windows\system32;C:\Windows;C:\Windows\System32\Wbem;C:\Windows\System32\WindowsPowerShell\v1.0\;C:\Windows\System32\OpenSSH\;D:\jdk18\bin;D:\jdk18\jre\bin;D:\maven\apache-maven-3.6.3\bin;D:\git\Git\cmd;C:\Users\ZG\AppData\Local\Microsoft\WindowsApps;;."/>
    <property name="java.vm.info" value="mixed mode"/>
    <property name="java.vendor" value="Oracle Corporation"/>
    <property name="java.vm.version" value="25.201-b09"/>
    <property name="java.ext.dirs" value="D:\javajdk\jdk1.8.0_201\jre\lib\ext;C:\Windows\Sun\Java\lib\ext"/>
    <property name="sun.io.unicode.encoding" value="UnicodeLittle"/>
    <property name="maven.repo.local" value="D:\maven\apache-maven-3.6.3\repository"/>
    <property name="java.class.version" value="52.0"/>
  </properties>
  <testcase name="contextLoads" classname="com.terryxi.datacenter.DatacenterApplicationTests" time="0.164"/>
</testsuite>